<?xml version="1.0" encoding="UTF-8" ?>
<testsuite errors="0" failures="0" hostname="sys_m05" name="com.wgen.test.AppSelInterfaceTest" tests="2" time="0.306" timestamp="2012-04-12T11:32:40">
  <properties>
    <property name="file.encoding.pkg" value="sun.io" />
    <property name="env.PROMPT" value="$P$G" />
    <property name="java.home" value="C:\liferay-portal-tomcat-6.1.0\liferay-portal-6.1.0-ce-ga1\tomcat-7.0.23\jre1.6.0_20\win" />
    <property name="plugin-package.page-url" value="http://www.liferay.com" />
    <property name="env.PROCESSOR_ARCHITEW6432" value="AMD64" />
    <property name="app.server.type" value="tomcat" />
    <property name="java.endorsed.dirs" value="C:\liferay-portal-tomcat-6.1.0\liferay-portal-6.1.0-ce-ga1\tomcat-7.0.23\jre1.6.0_20\win\lib\endorsed" />
    <property name="env.USERNAME" value="manoj" />
    <property name="sun.os.patch.level" value="" />
    <property name="java.vendor.url" value="http://java.sun.com/" />
    <property name="env.COMPUTERNAME" value="SYS_M05" />
    <property name="env.ProgramFiles(x86)" value="C:\Program Files (x86)" />
    <property name="java.version" value="1.6.0_20" />
    <property name="eclipse.pdebuild.home" value="/C:/software/eclipse/eclipse-jee-indigo-SR1-win32-x86_64/eclipse/plugins/org.eclipse.pde.build_3.7.0.v20110512-1320/./" />
    <property name="plugin.file" value="../../dist/AppSelectionInterface-portlet-6.1.0.1.war" />
    <property name="javac.debug" value="on" />
    <property name="java.vendor.url.bug" value="http://java.sun.com/cgi-bin/bugreport.cgi" />
    <property name="env.USERPROFILE" value="C:\Users\manoj" />
    <property name="ant.project.invoked-targets" value="test" />
    <property name="env.SystemRoot" value="C:\Windows" />
    <property name="ant.file.AppSelectionInterface-portlet" value="C:\liferay-plugins-sdk-6.1.0\portlets\AppSelectionInterface-portlet\build.xml" />
    <property name="user.name" value="manoj" />
    <property name="sun.io.unicode.encoding" value="UnicodeLittle" />
    <property name="sun.jnu.encoding" value="Cp1252" />
    <property name="java.runtime.name" value="Java(TM) SE Runtime Environment" />
    <property name="env.LOCALAPPDATA" value="C:\Users\manoj\AppData\Local" />
    <property name="app.server.portal.dir" value="C:\apache-tomcat-7.0.25\webapps\ROOT" />
    <property name="plugins.excludes" value="" />
    <property name="plugin-package.module-group-id" value="liferay" />
    <property name="java.specification.name" value="Java Platform API Specification" />
    <property name="user.timezone" value="GMT" />
    <property name="path.separator" value=";" />
    <property name="plugins.ear.excludes" value="" />
    <property name="ant.file.build-common-portlet" value="C:\liferay-plugins-sdk-6.1.0\portlets\build-common-portlet.xml" />
    <property name="plugin.tlds" value="${plugin-package.portal-dependency-tlds}" />
    <property name="env.PROCESSOR_IDENTIFIER" value="Intel64 Family 15 Model 6 Stepping 5, GenuineIntel" />
    <property name="file.encoding" value="Cp1252" />
    <property name="ant.project.default-target" value="deploy" />
    <property name="auto.deploy.custom.portlet.xml" value="false" />
    <property name="env.NUMBER_OF_PROCESSORS" value="2" />
    <property name="env.APPDATA" value="C:\Users\manoj\AppData\Roaming" />
    <property name="ant.file" value="C:\liferay-plugins-sdk-6.1.0\portlets\AppSelectionInterface-portlet\build.xml" />
    <property name="plugin-package.tags" value="" />
    <property name="java.io.tmpdir" value="C:\Users\manoj\AppData\Local\Temp\" />
    <property name="user.language" value="en" />
    <property name="app.server.lib.portal.dir" value="C:\apache-tomcat-7.0.25\webapps\ROOT\WEB-INF\lib" />
    <property name="env.SystemDrive" value="C:" />
    <property name="line.separator" value="&#xd;&#xa;" />
    <property name="app.server.deploy.dir" value="C:\apache-tomcat-7.0.25\webapps" />
    <property name="ecj.compiler" value="jar:file:/C:/liferay-plugins-sdk-6.1.0/lib/ecj.jar!/org/eclipse/jdt/core/JDTCompilerAdapter.class" />
    <property name="javac.compiler" value="org.eclipse.jdt.core.JDTCompilerAdapter" />
    <property name="java.vm.info" value="mixed mode" />
    <property name="sun.desktop" value="windows" />
    <property name="java.vm.specification.name" value="Java Virtual Machine Specification" />
    <property name="junit.debug.jpda" value="" />
    <property name="env.PATHEXT" value=".COM;.EXE;.BAT;.CMD;.VBS;.VBE;.JS;.JSE;.WSF;.WSH;.MSC" />
    <property name="ant.file.build-common-plugin" value="C:\liferay-plugins-sdk-6.1.0\build-common-plugin.xml" />
    <property name="javac.encoding" value="ISO-8859-1" />
    <property name="env.LOGONSERVER" value="\\SYS_M05" />
    <property name="eclipse.pdebuild.templates" value="/C:/software/eclipse/eclipse-jee-indigo-SR1-win32-x86_64/eclipse/plugins/org.eclipse.pde.build_3.7.0.v20110512-1320/templates/" />
    <property name="lp.version" value="6.1.0" />
    <property name="database.name" value="lportal" />
    <property name="java.awt.printerjob" value="sun.awt.windows.WPrinterJob" />
    <property name="env.PUBLIC" value="C:\Users\Public" />
    <property name="ant.version" value="Apache Ant(TM) version 1.8.2 compiled on December 20 2010" />
    <property name="env.USERDOMAIN" value="sys_m05" />
    <property name="env.PROCESSOR_LEVEL" value="15" />
    <property name="ant.file.type.build-common" value="file" />
    <property name="env.windir" value="C:\Windows" />
    <property name="env.CommonProgramFiles(x86)" value="C:\Program Files (x86)\Common Files" />
    <property name="env.CLASSPATH" value=";" />
    <property name="os.name" value="Windows 7" />
    <property name="java.specification.vendor" value="Sun Microsystems Inc." />
    <property name="env.TMP" value="C:\Users\manoj\AppData\Local\Temp" />
    <property name="java.vm.name" value="Java HotSpot(TM) Client VM" />
    <property name="env.ProgramData" value="C:\ProgramData" />
    <property name="plugin.jars" value="antlr.jar,aopalliance.jar,asm.jar,asm-attrs.jar,cglib.jar,commons-lang.jar,commons-collections.jar,commons-io.jar,commons-email.jar,dom4j.jar,ehcache.jar,hibernate3.jar,javassist.jar,slf4j-api.jar,slf4j-log4j12.jar,spring-aop.jar,spring-asm.jar,spring-beans.jar,spring-context.jar,spring-core.jar,spring-expression.jar,spring-jdbc.jar,spring-orm.jar,spring-transaction.jar,spring-web.jar,stax.jar,wsdl4j.jar,xml-apis.jar" />
    <property name="env.OS" value="Windows_NT" />
    <property name="os.apple" value="Mac OS X" />
    <property name="plugin-package.author" value="Liferay, Inc." />
    <property name="java.library.path" value="C:\liferay-portal-tomcat-6.1.0\liferay-portal-6.1.0-ce-ga1\tomcat-7.0.23\jre1.6.0_20\win\bin;.;C:\Windows\Sun\Java\bin;C:\Windows\system32;C:\Windows;C:\Program Files\Common Files\Microsoft Shared\Windows Live;C:\Program Files (x86)\Common Files\Microsoft Shared\Windows Live;C:\Windows\system32;C:\Windows;C:\Windows\System32\Wbem;C:\Windows\System32\WindowsPowerShell\v1.0\;C:\Program Files\TortoiseSVN\bin;C:\Program Files (x86)\Windows Live\Shared;C:\apache-ant-1.8.2\bin;%CATALINA_HOME%\bin;C:\Program Files (x86)\SSH Communications Security\SSH Secure Shell" />
    <property name="correct.ant.version" value="true" />
    <property name="plugin-package.name" value="AppSelectionInterface" />
    <property name="eclipse.pdebuild.scripts" value="/C:/software/eclipse/eclipse-jee-indigo-SR1-win32-x86_64/eclipse/plugins/org.eclipse.pde.build_3.7.0.v20110512-1320/scripts/" />
    <property name="ant.java.version" value="1.6" />
    <property name="external-properties" value="${test.properties}" />
    <property name="basedir" value="C:\liferay-plugins-sdk-6.1.0\portlets\AppSelectionInterface-portlet" />
    <property name="java.class.version" value="50.0" />
    <property name="database.types" value="db2,derby,firebird,hypersonic,informix,ingres,interbase,jdatastore,mysql,oracle,postgresql,sap,sqlserver,sybase" />
    <property name="javac.nowarn" value="on" />
    <property name="plugin-package.portal-dependency-jars" value="antlr.jar,aopalliance.jar,asm.jar,asm-attrs.jar,cglib.jar,commons-lang.jar,commons-collections.jar,commons-io.jar,commons-email.jar,dom4j.jar,ehcache.jar,hibernate3.jar,javassist.jar,slf4j-api.jar,slf4j-log4j12.jar,spring-aop.jar,spring-asm.jar,spring-beans.jar,spring-context.jar,spring-core.jar,spring-expression.jar,spring-jdbc.jar,spring-orm.jar,spring-transaction.jar,spring-web.jar,stax.jar,wsdl4j.jar,xml-apis.jar" />
    <property name="ant.home" value="C:\software\eclipse\eclipse-jee-indigo-SR1-win32-x86_64\eclipse\plugins\org.apache.ant_1.8.2.v20110505-1300" />
    <property name="env.Path" value="C:\Program Files\Common Files\Microsoft Shared\Windows Live;C:\Program Files (x86)\Common Files\Microsoft Shared\Windows Live;C:\Windows\system32;C:\Windows;C:\Windows\System32\Wbem;C:\Windows\System32\WindowsPowerShell\v1.0\;C:\Program Files\TortoiseSVN\bin;C:\Program Files (x86)\Windows Live\Shared;C:\apache-ant-1.8.2\bin;%CATALINA_HOME%\bin;C:\Program Files (x86)\SSH Communications Security\SSH Secure Shell" />
    <property name="plugin-package.module-incremental-version" value="1" />
    <property name="env.HOMEDRIVE" value="C:" />
    <property name="plugin-package.change-log" value="" />
    <property name="sun.boot.library.path" value="C:\liferay-portal-tomcat-6.1.0\liferay-portal-6.1.0-ce-ga1\tomcat-7.0.23\jre1.6.0_20\win\bin" />
    <property name="plugins.includes" value="*" />
    <property name="env.PROCESSOR_REVISION" value="0605" />
    <property name="sun.management.compiler" value="HotSpot Client Compiler" />
    <property name="java.awt.graphicsenv" value="sun.awt.Win32GraphicsEnvironment" />
    <property name="user.variant" value="" />
    <property name="plugins.ear.includes" value="tunnel-web" />
    <property name="env.JRE_HOME" value="C:\Program Files\Java\jre6" />
    <property name="os.unix" value="Linux,FreeBSD,Solaris,SunOS" />
    <property name="required.portal.jars" value="commons-logging.jar,log4j.jar,util-bridges.jar,util-java.jar,util-taglib.jar" />
    <property name="ant.project.name" value="AppSelectionInterface-portlet" />
    <property name="java.vm.specification.version" value="1.0" />
    <property name="auto.deploy.dir" value="C:\apache-tomcat-7.0.25/../deploy" />
    <property name="awt.toolkit" value="sun.awt.windows.WToolkit" />
    <property name="sun.cpu.isalist" value="" />
    <property name="java.ext.dirs" value="C:\liferay-portal-tomcat-6.1.0\liferay-portal-6.1.0-ce-ga1\tomcat-7.0.23\jre1.6.0_20\win\lib\ext;C:\Windows\Sun\Java\lib\ext" />
    <property name="os.version" value="6.1" />
    <property name="user.home" value="C:\Users\manoj" />
    <property name="java.vm.vendor" value="Sun Microsystems Inc." />
    <property name="env.CommonProgramW6432" value="C:\Program Files\Common Files" />
    <property name="env.JAVA_HOME" value="C:\Program Files (x86)\Java\jdk1.6.0_29\bin;" />
    <property name="env.ProgramW6432" value="C:\Program Files" />
    <property name="plugin-package.licenses" value="LGPL" />
    <property name="user.dir" value="C:\liferay-plugins-sdk-6.1.0" />
    <property name="auto.deploy.unpack.war" value="true" />
    <property name="env.FP_NO_HOST_CHECK" value="NO" />
    <property name="sun.cpu.endian" value="little" />
    <property name="ant.file.type.build-common-plugin" value="file" />
    <property name="env.ALLUSERSPROFILE" value="C:\ProgramData" />
    <property name="project.dir" value="../.." />
    <property name="ant.build.javac.target" value="1.5" />
    <property name="env.PROCESSOR_ARCHITECTURE" value="x86" />
    <property name="java.vm.version" value="16.3-b01" />
    <property name="java.class.path" value="C:\liferay-plugins-sdk-6.1.0\portlets\AppSelectionInterface-portlet\docroot\WEB-INF\lib\aopalliance.jar;C:\liferay-plugins-sdk-6.1.0\portlets\AppSelectionInterface-portlet\docroot\WEB-INF\lib\asm.jar;C:\liferay-plugins-sdk-6.1.0\portlets\AppSelectionInterface-portlet\docroot\WEB-INF\lib\cglib.jar;C:\liferay-plugins-sdk-6.1.0\portlets\AppSelectionInterface-portlet\docroot\WEB-INF\lib\commons-collections.jar;C:\liferay-plugins-sdk-6.1.0\portlets\AppSelectionInterface-portlet\docroot\WEB-INF\lib\commons-email.jar;C:\liferay-plugins-sdk-6.1.0\portlets\AppSelectionInterface-portlet\docroot\WEB-INF\lib\commons-io.jar;C:\liferay-plugins-sdk-6.1.0\portlets\AppSelectionInterface-portlet\docroot\WEB-INF\lib\commons-lang.jar;C:\liferay-plugins-sdk-6.1.0\portlets\AppSelectionInterface-portlet\docroot\WEB-INF\lib\commons-logging.jar;C:\liferay-plugins-sdk-6.1.0\portlets\AppSelectionInterface-portlet\docroot\WEB-INF\lib\dom4j.jar;C:\liferay-plugins-sdk-6.1.0\portlets\AppSelectionInterface-portlet\docroot\WEB-INF\lib\gson-2.1.jar;C:\liferay-plugins-sdk-6.1.0\portlets\AppSelectionInterface-portlet\docroot\WEB-INF\lib\hibernate3.jar;C:\liferay-plugins-sdk-6.1.0\portlets\AppSelectionInterface-portlet\docroot\WEB-INF\lib\javassist.jar;C:\liferay-plugins-sdk-6.1.0\portlets\AppSelectionInterface-portlet\docroot\WEB-INF\lib\jstl-api.jar;C:\liferay-plugins-sdk-6.1.0\portlets\AppSelectionInterface-portlet\docroot\WEB-INF\lib\jstl-impl.jar;C:\liferay-plugins-sdk-6.1.0\portlets\AppSelectionInterface-portlet\docroot\WEB-INF\lib\log4j.jar;C:\liferay-plugins-sdk-6.1.0\portlets\AppSelectionInterface-portlet\docroot\WEB-INF\lib\slf4j-api.jar;C:\liferay-plugins-sdk-6.1.0\portlets\AppSelectionInterface-portlet\docroot\WEB-INF\lib\spring-aop.jar;C:\liferay-plugins-sdk-6.1.0\portlets\AppSelectionInterface-portlet\docroot\WEB-INF\lib\spring-asm.jar;C:\liferay-plugins-sdk-6.1.0\portlets\AppSelectionInterface-portlet\docroot\WEB-INF\lib\spring-beans.jar;C:\liferay-plugins-sdk-6.1.0\portlets\AppSelectionInterface-portlet\docroot\WEB-INF\lib\spring-context.jar;C:\liferay-plugins-sdk-6.1.0\portlets\AppSelectionInterface-portlet\docroot\WEB-INF\lib\spring-core.jar;C:\liferay-plugins-sdk-6.1.0\portlets\AppSelectionInterface-portlet\docroot\WEB-INF\lib\spring-expression.jar;C:\liferay-plugins-sdk-6.1.0\portlets\AppSelectionInterface-portlet\docroot\WEB-INF\lib\spring-jdbc.jar;C:\liferay-plugins-sdk-6.1.0\portlets\AppSelectionInterface-portlet\docroot\WEB-INF\lib\spring-orm.jar;C:\liferay-plugins-sdk-6.1.0\portlets\AppSelectionInterface-portlet\docroot\WEB-INF\lib\spring-transaction.jar;C:\liferay-plugins-sdk-6.1.0\portlets\AppSelectionInterface-portlet\docroot\WEB-INF\lib\spring-web.jar;C:\liferay-plugins-sdk-6.1.0\portlets\AppSelectionInterface-portlet\docroot\WEB-INF\lib\stax.jar;C:\liferay-plugins-sdk-6.1.0\portlets\AppSelectionInterface-portlet\docroot\WEB-INF\lib\util-bridges.jar;C:\liferay-plugins-sdk-6.1.0\portlets\AppSelectionInterface-portlet\docroot\WEB-INF\lib\util-java.jar;C:\liferay-plugins-sdk-6.1.0\portlets\AppSelectionInterface-portlet\docroot\WEB-INF\lib\util-taglib.jar;C:\liferay-plugins-sdk-6.1.0\portlets\AppSelectionInterface-portlet\docroot\WEB-INF\lib\wsdl4j.jar;C:\liferay-plugins-sdk-6.1.0\portlets\AppSelectionInterface-portlet\docroot\WEB-INF\lib\xml-apis.jar;C:\liferay-plugins-sdk-6.1.0\portlets\AppSelectionInterface-portlet\docroot\WEB-INF\classes;C:\apache-tomcat-7.0.25\lib\ext\activation.jar;C:\apache-tomcat-7.0.25\lib\ext\ccpp.jar;C:\apache-tomcat-7.0.25\lib\ext\ext-EULA-ext-service.jar;C:\apache-tomcat-7.0.25\lib\ext\ext-Login-ext-service.jar;C:\apache-tomcat-7.0.25\lib\ext\ext-WGen-ext-service.jar;C:\apache-tomcat-7.0.25\lib\ext\hsql.jar;C:\apache-tomcat-7.0.25\lib\ext\jms.jar;C:\apache-tomcat-7.0.25\lib\ext\jta.jar;C:\apache-tomcat-7.0.25\lib\ext\jtds.jar;C:\apache-tomcat-7.0.25\lib\ext\jutf7.jar;C:\apache-tomcat-7.0.25\lib\ext\mail.jar;C:\apache-tomcat-7.0.25\lib\ext\mysql.jar;C:\apache-tomcat-7.0.25\lib\ext\persistence.jar;C:\apache-tomcat-7.0.25\lib\ext\portal-service.jar;C:\apache-tomcat-7.0.25\lib\ext\portlet.jar;C:\apache-tomcat-7.0.25\lib\ext\postgresql.jar;C:\apache-tomcat-7.0.25\lib\ext\strutstestcase-2.1.4-1.2-2.4.jar;C:\apache-tomcat-7.0.25\lib\ext\support-tomcat.jar;C:\apache-tomcat-7.0.25\webapps\ROOT\WEB-INF\lib\commons-logging.jar;C:\apache-tomcat-7.0.25\webapps\ROOT\WEB-INF\lib\log4j.jar;C:\apache-tomcat-7.0.25\webapps\ROOT\WEB-INF\lib\util-bridges.jar;C:\apache-tomcat-7.0.25\webapps\ROOT\WEB-INF\lib\util-java.jar;C:\apache-tomcat-7.0.25\webapps\ROOT\WEB-INF\lib\util-taglib.jar;C:\liferay-plugins-sdk-6.1.0\lib\activation.jar;C:\liferay-plugins-sdk-6.1.0\lib\jsp-api.jar;C:\liferay-plugins-sdk-6.1.0\lib\mail.jar;C:\liferay-plugins-sdk-6.1.0\lib\servlet-api.jar;C:\apache-tomcat-7.0.25\webapps\ROOT\WEB-INF\lib\commons-io.jar;C:\liferay-plugins-sdk-6.1.0\lib\junit.jar;C:\liferay-plugins-sdk-6.1.0\portlets\AppSelectionInterface-portlet\test-classes;C:\software\eclipse\eclipse-jee-indigo-SR1-win32-x86_64\eclipse\plugins\org.apache.ant_1.8.2.v20110505-1300\lib\ant-launcher.jar;C:\software\eclipse\eclipse-jee-indigo-SR1-win32-x86_64\eclipse\plugins\org.apache.ant_1.8.2.v20110505-1300\lib\ant.jar;C:\software\eclipse\eclipse-jee-indigo-SR1-win32-x86_64\eclipse\plugins\org.apache.ant_1.8.2.v20110505-1300\lib\ant-junit.jar;C:\software\eclipse\eclipse-jee-indigo-SR1-win32-x86_64\eclipse\plugins\org.apache.ant_1.8.2.v20110505-1300\lib\ant-junit4.jar" />
    <property name="env.HOMEPATH" value="\Users\manoj" />
    <property name="ant.library.dir" value="C:\software\eclipse\eclipse-jee-indigo-SR1-win32-x86_64\eclipse\plugins\org.apache.ant_1.8.2.v20110505-1300\lib" />
    <property name="os.arch" value="x86" />
    <property name="plugin.name" value="AppSelectionInterface-portlet" />
    <property name="javac.deprecation" value="off" />
    <property name="os.windows" value="Windows 95,Windows 98,Windows NT,Windows 2000,Windows 2003,Windows XP,Windows Vista,Windows 7" />
    <property name="ant.build.javac.source" value="1.5" />
    <property name="env.SESSIONNAME" value="Console" />
    <property name="sun.java.launcher" value="SUN_STANDARD" />
    <property name="env.CommonProgramFiles" value="C:\Program Files (x86)\Common Files" />
    <property name="ant.core.lib" value="C:\software\eclipse\eclipse-jee-indigo-SR1-win32-x86_64\eclipse\plugins\org.apache.ant_1.8.2.v20110505-1300\lib\ant.jar" />
    <property name="env.ProgramFiles" value="C:\Program Files (x86)" />
    <property name="app.server.dir" value="C:\apache-tomcat-7.0.25" />
    <property name="java.vm.specification.vendor" value="Sun Microsystems Inc." />
    <property name="ant.file.build-common" value="C:\liferay-plugins-sdk-6.1.0\build-common.xml" />
    <property name="file.separator" value="\" />
    <property name="java.runtime.version" value="1.6.0_20-b02" />
    <property name="sun.boot.class.path" value="C:\liferay-portal-tomcat-6.1.0\liferay-portal-6.1.0-ce-ga1\tomcat-7.0.23\jre1.6.0_20\win\lib\resources.jar;C:\liferay-portal-tomcat-6.1.0\liferay-portal-6.1.0-ce-ga1\tomcat-7.0.23\jre1.6.0_20\win\lib\rt.jar;C:\liferay-portal-tomcat-6.1.0\liferay-portal-6.1.0-ce-ga1\tomcat-7.0.23\jre1.6.0_20\win\lib\sunrsasign.jar;C:\liferay-portal-tomcat-6.1.0\liferay-portal-6.1.0-ce-ga1\tomcat-7.0.23\jre1.6.0_20\win\lib\jsse.jar;C:\liferay-portal-tomcat-6.1.0\liferay-portal-6.1.0-ce-ga1\tomcat-7.0.23\jre1.6.0_20\win\lib\jce.jar;C:\liferay-portal-tomcat-6.1.0\liferay-portal-6.1.0-ce-ga1\tomcat-7.0.23\jre1.6.0_20\win\lib\charsets.jar;C:\liferay-portal-tomcat-6.1.0\liferay-portal-6.1.0-ce-ga1\tomcat-7.0.23\jre1.6.0_20\win\classes" />
    <property name="plugin.version" value="1" />
    <property name="env.ComSpec" value="C:\Windows\system32\cmd.exe" />
    <property name="ant.file.type.AppSelectionInterface-portlet" value="file" />
    <property name="app.server.classes.portal.dir" value="C:\apache-tomcat-7.0.25\webapps\ROOT/WEB-INF/classes" />
    <property name="plugin.name.beginindex" value="38" />
    <property name="ant.file.type.build-common-portlet" value="file" />
    <property name="env.TEMP" value="C:\Users\manoj\AppData\Local\Temp" />
    <property name="user.country" value="US" />
    <property name="env.ANT_HOME" value="C:\software\eclipse\eclipse-jee-indigo-SR1-win32-x86_64\eclipse\plugins\org.apache.ant_1.8.2.v20110505-1300" />
    <property name="java.vendor" value="Sun Microsystems Inc." />
    <property name="plugin-package.short-description" value="" />
    <property name="env.PSModulePath" value="C:\Windows\system32\WindowsPowerShell\v1.0\Modules\" />
    <property name="env.CATALINA_HOME" value="C:\apache-tomcat-7.0.25" />
    <property name="java.specification.version" value="1.6" />
    <property name="app.server.lib.global.dir" value="C:\apache-tomcat-7.0.25\lib\ext" />
    <property name="sun.arch.data.model" value="32" />
  </properties>
  <testcase classname="com.wgen.test.AppSelInterfaceTest" name="testGetUserApps" time="0.131" />
  <testcase classname="com.wgen.test.AppSelInterfaceTest" name="testIs_Admin" time="0.0020" />
  <system-out><![CDATA[]]></system-out>
  <system-err><![CDATA[Apr 12, 2012 11:32:40 AM com.liferay.portal.kernel.log.Jdk14LogImpl info
INFO: name---"Dashboard"
Apr 12, 2012 11:32:40 AM com.liferay.portal.kernel.log.Jdk14LogImpl info
INFO: description---"SLI dashboard application"
Apr 12, 2012 11:32:40 AM com.liferay.portal.kernel.log.Jdk14LogImpl info
INFO: behaviour---"Full Window App"
Apr 12, 2012 11:32:40 AM com.liferay.portal.kernel.log.Jdk14LogImpl info
INFO: image url---"http://placekitten.com/150/150"
Apr 12, 2012 11:32:40 AM com.liferay.portal.kernel.log.Jdk14LogImpl info
INFO: app url---""
Apr 12, 2012 11:32:40 AM com.liferay.portal.kernel.log.Jdk14LogImpl info
INFO: name---"Dashboard (Integration)"
Apr 12, 2012 11:32:40 AM com.liferay.portal.kernel.log.Jdk14LogImpl info
INFO: description---"SLI dashboard application (integration server)"
Apr 12, 2012 11:32:40 AM com.liferay.portal.kernel.log.Jdk14LogImpl info
INFO: behaviour---"Full Window App"
Apr 12, 2012 11:32:40 AM com.liferay.portal.kernel.log.Jdk14LogImpl info
INFO: image url---"http://placekitten.com/150/150"
Apr 12, 2012 11:32:40 AM com.liferay.portal.kernel.log.Jdk14LogImpl info
INFO: app url---""
Apr 12, 2012 11:32:40 AM com.liferay.portal.kernel.log.Jdk14LogImpl info
INFO: name---"Dashboard (Deployment)"
Apr 12, 2012 11:32:40 AM com.liferay.portal.kernel.log.Jdk14LogImpl info
INFO: description---"SLI dashboard application (deployment server)"
Apr 12, 2012 11:32:40 AM com.liferay.portal.kernel.log.Jdk14LogImpl info
INFO: behaviour---"Full Window App"
Apr 12, 2012 11:32:40 AM com.liferay.portal.kernel.log.Jdk14LogImpl info
INFO: image url---"http://placekitten.com/150/150"
Apr 12, 2012 11:32:40 AM com.liferay.portal.kernel.log.Jdk14LogImpl info
INFO: app url---""
Apr 12, 2012 11:32:40 AM com.liferay.portal.kernel.log.Jdk14LogImpl info
INFO: name---"Dashboard (CI)"
Apr 12, 2012 11:32:40 AM com.liferay.portal.kernel.log.Jdk14LogImpl info
INFO: description---"SLI dashboard application (CI server)"
Apr 12, 2012 11:32:40 AM com.liferay.portal.kernel.log.Jdk14LogImpl info
INFO: behaviour---"Full Window App"
Apr 12, 2012 11:32:40 AM com.liferay.portal.kernel.log.Jdk14LogImpl info
INFO: image url---"http://placekitten.com/150/150"
Apr 12, 2012 11:32:40 AM com.liferay.portal.kernel.log.Jdk14LogImpl info
INFO: app url---""
Apr 12, 2012 11:32:40 AM com.liferay.portal.kernel.log.Jdk14LogImpl info
INFO: name---"Dashboard (NXBuild)"
Apr 12, 2012 11:32:40 AM com.liferay.portal.kernel.log.Jdk14LogImpl info
INFO: description---"Dashboard NXBuild server"
Apr 12, 2012 11:32:40 AM com.liferay.portal.kernel.log.Jdk14LogImpl info
INFO: behaviour---"Full Window App"
Apr 12, 2012 11:32:40 AM com.liferay.portal.kernel.log.Jdk14LogImpl info
INFO: image url---"http://placekitten.com/150/150"
Apr 12, 2012 11:32:40 AM com.liferay.portal.kernel.log.Jdk14LogImpl info
INFO: app url---""
Apr 12, 2012 11:32:40 AM com.liferay.portal.kernel.log.Jdk14LogImpl info
INFO: name---"Dashboard (NXBuild2)"
Apr 12, 2012 11:32:40 AM com.liferay.portal.kernel.log.Jdk14LogImpl info
INFO: description---"Dashboard NXBuild2 server"
Apr 12, 2012 11:32:40 AM com.liferay.portal.kernel.log.Jdk14LogImpl info
INFO: behaviour---"Full Window App"
Apr 12, 2012 11:32:40 AM com.liferay.portal.kernel.log.Jdk14LogImpl info
INFO: image url---"http://placekitten.com/150/150"
Apr 12, 2012 11:32:40 AM com.liferay.portal.kernel.log.Jdk14LogImpl info
INFO: app url---""
Apr 12, 2012 11:32:40 AM com.liferay.portal.kernel.log.Jdk14LogImpl info
INFO: name---"Portal Devlr1"
Apr 12, 2012 11:32:40 AM com.liferay.portal.kernel.log.Jdk14LogImpl info
INFO: description---"Portal Devlr1"
Apr 12, 2012 11:32:40 AM com.liferay.portal.kernel.log.Jdk14LogImpl info
INFO: behaviour---"Full Window App"
Apr 12, 2012 11:32:40 AM com.liferay.portal.kernel.log.Jdk14LogImpl info
INFO: image url---"http://placekitten.com/150/150"
Apr 12, 2012 11:32:40 AM com.liferay.portal.kernel.log.Jdk14LogImpl info
INFO: app url---""
Apr 12, 2012 11:32:40 AM com.liferay.portal.kernel.log.Jdk14LogImpl info
INFO: name---"Portal Devlr2"
Apr 12, 2012 11:32:40 AM com.liferay.portal.kernel.log.Jdk14LogImpl info
INFO: description---"Portal Devlr2"
Apr 12, 2012 11:32:40 AM com.liferay.portal.kernel.log.Jdk14LogImpl info
INFO: behaviour---"Full Window App"
Apr 12, 2012 11:32:40 AM com.liferay.portal.kernel.log.Jdk14LogImpl info
INFO: image url---"http://placekitten.com/150/150"
Apr 12, 2012 11:32:40 AM com.liferay.portal.kernel.log.Jdk14LogImpl info
INFO: app url---""
Apr 12, 2012 11:32:40 AM com.liferay.portal.kernel.log.Jdk14LogImpl info
INFO: name---"Portal Testlr1"
Apr 12, 2012 11:32:40 AM com.liferay.portal.kernel.log.Jdk14LogImpl info
INFO: description---"Portal Testlr1"
Apr 12, 2012 11:32:40 AM com.liferay.portal.kernel.log.Jdk14LogImpl info
INFO: behaviour---"Full Window App"
Apr 12, 2012 11:32:40 AM com.liferay.portal.kernel.log.Jdk14LogImpl info
INFO: image url---"http://placekitten.com/150/150"
Apr 12, 2012 11:32:40 AM com.liferay.portal.kernel.log.Jdk14LogImpl info
INFO: app url---""
Apr 12, 2012 11:32:40 AM com.liferay.portal.kernel.log.Jdk14LogImpl info
INFO: name---"SDK Sample"
Apr 12, 2012 11:32:40 AM com.liferay.portal.kernel.log.Jdk14LogImpl info
INFO: description---"SDK Sample Application"
Apr 12, 2012 11:32:40 AM com.liferay.portal.kernel.log.Jdk14LogImpl info
INFO: behaviour---"Full Window App"
Apr 12, 2012 11:32:40 AM com.liferay.portal.kernel.log.Jdk14LogImpl info
INFO: image url---"http://placekitten.com/150/150"
Apr 12, 2012 11:32:40 AM com.liferay.portal.kernel.log.Jdk14LogImpl info
INFO: app url---""
]]></system-err>
</testsuite>
