<?xml version="1.0" encoding="UTF-8"?>
<testsuite errors="0" failures="1" name="title" skipped="0" tests="3" time="145.287195">
<testcase classname="title.Report a problem cancelation for SLI admin User" name="Report a problem cancelation for SLI admin User" time="26.848038">
</testcase>
<testcase classname="title.Report a problem happy cancelation for SLI admin User" name="Report a problem happy cancelation for SLI admin User" time="28.809475">
</testcase>
<testcase classname="title.Report a problem non happy submission for SLI admin User" name="Report a problem non happy submission for SLI admin User" time="89.629683">
  <failure message="failed Report a problem non happy submission for SLI admin User" type="failed">
    <![CDATA[Scenario: Report a problem non happy submission for SLI admin User

Given I have an open web browser
When I go to the login page
When I login with "demo" and "changeit"
Then I should be on the home page
When I mouseover on menu and click submenu "Report a problem"

Message:
]]>
    <![CDATA[Element not found in the cache - perhaps the page has changed since it was looked up (Selenium::WebDriver::Error::StaleElementReferenceError)
[remote server] resource://fxdriver/modules/web_element_cache.js:5481:in `unknown'
[remote server] file:///tmp/webdriver-profile20120419-11207-60ugm9/extensions/fxdriver@googlecode.com/components/command_processor.js:5033:in `unknown'
[remote server] file:///tmp/webdriver-profile20120419-11207-60ugm9/extensions/fxdriver@googlecode.com/components/command_processor.js:9323:in `unknown'
[remote server] file:///tmp/webdriver-profile20120419-11207-60ugm9/extensions/fxdriver@googlecode.com/components/command_processor.js:9774:in `unknown'
[remote server] file:///tmp/webdriver-profile20120419-11207-60ugm9/extensions/fxdriver@googlecode.com/components/command_processor.js:399:in `unknown'
./features/liferay/step_definitions/all_steps.rb:335:in `rescue in block in <top (required)>'
./features/liferay/step_definitions/all_steps.rb:325:in `/^I login with "([^\"]*)" and "([^\"]*)"$/'
features/liferay/report_problem.feature:61:in `When I login with "demo" and "changeit"']]>
  </failure>
</testcase>
</testsuite>
