<?xml version="1.0" encoding="UTF-8"?>
<testsuite errors="0" failures="2" name="title" skipped="0" tests="2" time="40.582502">
<testcase classname="title.check admin user and go to admin page" name="check admin user and go to admin page" time="29.837290">
  <failure message="failed check admin user and go to admin page" type="failed">
    <![CDATA[Scenario: check admin user and go to admin page

Given I have an open web browser
When I go to the login page
When I login with "demo" and "changeit"
Then I should see "Admin"
Then I follow "Admin"
Then I should be on the admin page

Message:
]]>
    <![CDATA[Unable to locate element: {"method":"name","selector":"ADMIN"} (Selenium::WebDriver::Error::NoSuchElementError)
[remote server] file:///tmp/webdriver-profile20120425-21740-jibgjp/extensions/fxdriver@googlecode.com/components/driver_component.js:6573:in `unknown'
[remote server] file:///tmp/webdriver-profile20120425-21740-jibgjp/extensions/fxdriver@googlecode.com/components/driver_component.js:471:in `unknown'
./features/liferay/step_definitions/all_steps.rb:409:in `/^I should be on the admin page$/'
features/liferay/admin_page.feature:12:in `Then I should be on the admin page']]>
  </failure>
</testcase>
<testcase classname="title.check Non admin user and check admin page" name="check Non admin user and check admin page" time="10.745212">
  <failure message="failed check Non admin user and check admin page" type="failed">
    <![CDATA[Scenario: check Non admin user and check admin page

Given I have an open web browser
Then I am on the Realm selection page
Then I select "4cb03fa0-83ad-46e2-a936-09ab31af377e"
When I login with "linda.kim" and "linda.kim1234"
Then I should be on the home page
Then I should not see "Admin"

Message:
]]>
    <![CDATA[Session [33d3abdb-1f22-467e-8419-89da00c19ecb] has no driver. The browser window may have been closed. (Selenium::WebDriver::Error::UnknownError)
[remote server] file:///tmp/webdriver-profile20120425-21740-11m50l7/extensions/fxdriver@googlecode.com/components/command_processor.js:9921:in `unknown'
[remote server] file:///tmp/webdriver-profile20120425-21740-11m50l7/extensions/fxdriver@googlecode.com/components/driver_component.js:5605:in `unknown'
[remote server] file:///tmp/webdriver-profile20120425-21740-11m50l7/extensions/fxdriver@googlecode.com/components/driver_component.js:5761:in `unknown'
[remote server] file:///tmp/webdriver-profile20120425-21740-11m50l7/extensions/fxdriver@googlecode.com/components/driver_component.js:5708:in `unknown'
[remote server] file:///tmp/webdriver-profile20120425-21740-11m50l7/extensions/fxdriver@googlecode.com/components/driver_component.js:9847:in `unknown'
[remote server] file:///tmp/webdriver-profile20120425-21740-11m50l7/extensions/fxdriver@googlecode.com/components/httpd.js:1935:in `unknown'
[remote server] file:///tmp/webdriver-profile20120425-21740-11m50l7/extensions/fxdriver@googlecode.com/components/httpd.js:2261:in `unknown'
[remote server] file:///tmp/webdriver-profile20120425-21740-11m50l7/extensions/fxdriver@googlecode.com/components/httpd.js:1168:in `unknown'
[remote server] file:///tmp/webdriver-profile20120425-21740-11m50l7/extensions/fxdriver@googlecode.com/components/httpd.js:1616:in `unknown'
[remote server] file:///tmp/webdriver-profile20120425-21740-11m50l7/extensions/fxdriver@googlecode.com/components/httpd.js:1464:in `unknown'
[remote server] file:///tmp/webdriver-profile20120425-21740-11m50l7/extensions/fxdriver@googlecode.com/components/httpd.js:1333:in `unknown'
./features/liferay/step_definitions/all_steps.rb:352:in `rescue in block in <top (required)>'
./features/liferay/step_definitions/all_steps.rb:342:in `/^I login with "([^\"]*)" and "([^\"]*)"$/'
features/liferay/admin_page.feature:19:in `When I login with "linda.kim" and "linda.kim1234"']]>
  </failure>
</testcase>
</testsuite>
