<?xml version="1.0" encoding="UTF-8"?>
<testsuite errors="0" failures="1" name="title" skipped="0" tests="2" time="39.164885">
<testcase classname="title.-User Login through SSD Realm with wrong username and password" name="-User Login through SSD Realm with wrong username and password" time="21.888478">
</testcase>
<testcase classname="title.-User Login through SSD Realm and choose No filter" name="-User Login through SSD Realm and choose No filter" time="17.276407">
  <failure message="skipped -User Login through SSD Realm and choose No filter" type="skipped">
    <![CDATA[Scenario: -User Login through SSD Realm and choose No filter

]]>
  </failure>
</testcase>
</testsuite>
