<?xml version="1.0" encoding="UTF-8"?>
<testsuite errors="0" failures="0" name="title" skipped="0" tests="2" time="149.688010">
<testcase classname="title.-SSD Realm with wsrp link click" name="-SSD Realm with wsrp link click" time="40.503551">
</testcase>
<testcase classname="title.-Admin User with wsrp link click" name="-Admin User with wsrp link click" time="109.184458">
</testcase>
</testsuite>
