<?xml version="1.0" encoding="UTF-8"?>
<testsuite errors="0" failures="1" name="title" skipped="0" tests="2" time="117.842050">
<testcase classname="title.Admin User Login with wrong username and password" name="Admin User Login with wrong username and password" time="48.377717">
</testcase>
<testcase classname="title.Admin User Login" name="Admin User Login" time="69.464333">
  <failure message="failed Admin User Login" type="failed">
    <![CDATA[Scenario: Admin User Login

Given I have an open web browser
When I go to the login page
When I login with "demo" and "changeit"
Then I should be on the home page
Then I should see "Admin"
Then I should logged out

Message:
]]>
    <![CDATA[expected Selenium::WebDriver::Element, got nil:NilClass (TypeError)
./features/liferay/step_definitions/all_steps.rb:131:in `/^I should be on the home page$/'
features/liferay/SLI_admin.feature:33:in `Then I should be on the home page']]>
  </failure>
</testcase>
</testsuite>
