<?xml version="1.0" encoding="UTF-8"?>
<testsuite errors="0" failures="1" name="title" skipped="0" tests="3" time="76.893596">
<testcase classname="title.Report a problem cancelation for SLI admin User" name="Report a problem cancelation for SLI admin User" time="32.091735">
  <failure message="failed Report a problem cancelation for SLI admin User" type="failed">
    <![CDATA[Scenario: Report a problem cancelation for SLI admin User

Given I have an open web browser
When I go to the login page
When I login with "demo" and "changeit"
Then I should be on the home page
When I mouseover on menu and click submenu "Report a problem"

Message:
]]>
    <![CDATA[expected Selenium::WebDriver::Element, got nil:NilClass (TypeError)
./features/liferay/step_definitions/all_steps.rb:131:in `/^I should be on the home page$/'
features/liferay/report_problem.feature:35:in `Then I should be on the home page']]>
  </failure>
</testcase>
<testcase classname="title.Report a problem happy cancelation for SLI admin User" name="Report a problem happy cancelation for SLI admin User" time="23.972287">
</testcase>
<testcase classname="title.Report a problem non happy submission for SLI admin User" name="Report a problem non happy submission for SLI admin User" time="20.829574">
</testcase>
</testsuite>
