<?xml version="1.0" encoding="UTF-8"?>
<testsuite errors="0" failures="0" name="title" skipped="0" tests="1" time="30.656142">
<testcase classname="title.-User Login through New York Realm with wrong username and password" name="-User Login through New York Realm with wrong username and password" time="30.656142">
</testcase>
</testsuite>
