<?xml version="1.0" encoding="UTF-8"?>
<testsuite errors="0" failures="1" name="title" skipped="0" tests="12" time="380.090051">
<testcase classname="title.-User Login through SSD Realm with wrong username and password" name="-User Login through SSD Realm with wrong username and password" time="20.946256">
</testcase>
<testcase classname="title.-User Login through SSD Realm and choose No filter" name="-User Login through SSD Realm and choose No filter" time="31.533670">
</testcase>
<testcase classname="title.-User Login through SSD Realm and choose English Language Learner" name="-User Login through SSD Realm and choose English Language Learner" time="31.168142">
</testcase>
<testcase classname="title.-User Login through SSD Realm and choose English Language Learner (former)" name="-User Login through SSD Realm and choose English Language Learner (former)" time="31.895949">
</testcase>
<testcase classname="title.-User Login through SSD Realm and choose Section 504" name="-User Login through SSD Realm and choose Section 504" time="32.134588">
</testcase>
<testcase classname="title.-User Login through SSD Realm and choose Section 504 (former)" name="-User Login through SSD Realm and choose Section 504 (former)" time="32.457510">
</testcase>
<testcase classname="title.-User Login through SSD Realm and choose IEP" name="-User Login through SSD Realm and choose IEP" time="32.643148">
</testcase>
<testcase classname="title.-User Login through SSD Realm and choose IEP (former)" name="-User Login through SSD Realm and choose IEP (former)" time="35.805506">
</testcase>
<testcase classname="title.-User Login through SSD Realm and choose Custom Program" name="-User Login through SSD Realm and choose Custom Program" time="43.467383">
</testcase>
<testcase classname="title.-User Login through SSD Realm and choose Repeating Grade" name="-User Login through SSD Realm and choose Repeating Grade" time="32.227231">
</testcase>
<testcase classname="title.-User Login through SSD Realm and choose Reduced Lunch" name="-User Login through SSD Realm and choose Reduced Lunch" time="34.426380">
</testcase>
<testcase classname="title.-User Login through SSD Realm and choose Free Lunch" name="-User Login through SSD Realm and choose Free Lunch" time="21.384288">
  <failure message="failed -User Login through SSD Realm and choose Free Lunch" type="failed">
    <![CDATA[Scenario: -User Login through SSD Realm and choose Free Lunch

Given I have an open web browser
Then I am on the Realm selection page
Then I select "Sunset School District 4526"
When I login with "linda.kim" and "linda.kim1234"
Then I should be on the home page
Then I should see " Dashboard"
Then I follow the home page Dashboard
Then I select "Sunset School District 4526"
Then I select "Daybreak School District 4529" from "edOrgSelect"
Then I select "East Daybreak Junior High" from "schoolSelect"

Message:
]]>
    <![CDATA[expected Selenium::WebDriver::Element, got nil:NilClass (TypeError)
./features/liferay/step_definitions/all_steps.rb:131:in `/^I should be on the home page$/'
features/liferay/SSD_Realm_linda.feature:282:in `Then I should be on the home page']]>
  </failure>
</testcase>
</testsuite>
