<?xml version="1.0" encoding="UTF-8"?>
<testsuite errors="0" failures="0" name="title" skipped="0" tests="2" time="100.296400">
<testcase classname="title.Admin User Login with wrong username and password" name="Admin User Login with wrong username and password" time="55.725200">
</testcase>
<testcase classname="title.Admin User Login" name="Admin User Login" time="44.571200">
</testcase>
</testsuite>
