<?xml version="1.0" encoding="UTF-8"?>
<testsuite errors="0" failures="0" name="title" skipped="0" tests="2" time="141.792400">
<testcase classname="title.-User Login through New York Realm with wrong username and password" name="-User Login through New York Realm with wrong username and password" time="65.740400">
</testcase>
<testcase classname="title.-User Login through New York Realm" name="-User Login through New York Realm" time="76.052000">
</testcase>
</testsuite>
